{
  "RSpec": {
    "coverage": {
      "/home/vagner/Projects/juru_finance/app/models/user.rb": {
        "lines": [
          1,
          null,
          null,
          1,
          null,
          null,
          1,
          null
        ]
      },
      "/home/vagner/Projects/juru_finance/app/models/application_record.rb": {
        "lines": [
          1,
          1,
          null
        ]
      },
      "/home/vagner/Projects/juru_finance/app/helpers/application_helper.rb": {
        "lines": [
          1,
          null
        ]
      },
      "/home/vagner/Projects/juru_finance/app/mailers/admin_mailer.rb": {
        "lines": [
          1,
          1,
          null,
          1,
          0,
          0,
          0,
          null,
          null
        ]
      },
      "/home/vagner/Projects/juru_finance/app/mailers/application_mailer.rb": {
        "lines": [
          1,
          1,
          1,
          null
        ]
      },
      "/home/vagner/Projects/juru_finance/app/models/resident.rb": {
        "lines": [
          1,
          null
        ]
      },
      "/home/vagner/Projects/juru_finance/app/controllers/home_controller.rb": {
        "lines": [
          1,
          1,
          null
        ]
      },
      "/home/vagner/Projects/juru_finance/app/controllers/application_controller.rb": {
        "lines": [
          1,
          null
        ]
      },
      "/home/vagner/Projects/juru_finance/app/controllers/users_controller.rb": {
        "lines": [
          1,
          1,
          1,
          null,
          1,
          14,
          null,
          null,
          1,
          1,
          1,
          1,
          null,
          null,
          1,
          1,
          1,
          null,
          null,
          1,
          1,
          1,
          null,
          null,
          1,
          1,
          1,
          null,
          null,
          1,
          1,
          1,
          null,
          null,
          1,
          null,
          1,
          4,
          null,
          null
        ]
      }
    },
    "timestamp": 1685311488
  }
}
